build/app/intermediates/manifest_merge_blame_file/debug/processDebugMainManifest/manifest-merger-blame-debug-report.txt
1<?xml version="1.0" encoding="utf-8"?>
2<manifest xmlns:android="http://schemas.android.com/apk/res/android"
3    package="com.example.hoops_lab_v1"
4    android:versionCode="1"
5    android:versionName="1.0.0" >
6
7    <uses-sdk
8        android:minSdkVersion="23"
9        android:targetSdkVersion="35" />
10    <!--
11         The INTERNET permission is required for development. Specifically,
12         the Flutter tool needs it to communicate with the running application
13         to allow setting breakpoints, to provide hot reload, etc.
14    -->
15    <uses-permission android:name="android.permission.INTERNET" />
15-->src\debug\AndroidManifest.xml:6:5-66
15-->src\debug\AndroidManifest.xml:6:22-64
16    <uses-permission android:name="android.permission.ACCESS_FINE_LOCATION" />
16-->src\main\AndroidManifest.xml:3:5-79
16-->src\main\AndroidManifest.xml:3:22-76
17    <uses-permission android:name="android.permission.ACCESS_COARSE_LOCATION" />
17-->src\main\AndroidManifest.xml:4:5-81
17-->src\main\AndroidManifest.xml:4:22-78
18    <!--
19 Required to query activities that can process text, see:
20         https://developer.android.com/training/package-visibility and
21         https://developer.android.com/reference/android/content/Intent#ACTION_PROCESS_TEXT.
22
23         In particular, this is used by the Flutter engine in io.flutter.plugin.text.ProcessTextPlugin.
24    -->
25    <queries>
25-->src\main\AndroidManifest.xml:50:5-55:15
26        <intent>
26-->src\main\AndroidManifest.xml:51:9-54:18
27            <action android:name="android.intent.action.PROCESS_TEXT" />
27-->src\main\AndroidManifest.xml:52:13-72
27-->src\main\AndroidManifest.xml:52:21-70
28
29            <data android:mimeType="text/plain" />
29-->src\main\AndroidManifest.xml:53:13-50
29-->src\main\AndroidManifest.xml:53:19-48
30        </intent>
31        <!-- Needs to be explicitly declared on Android R+ -->
32        <package android:name="com.google.android.apps.maps" />
32-->[com.google.android.gms:play-services-maps:19.2.0] AndroidManifest.xml:29:7-61
32-->[com.google.android.gms:play-services-maps:19.2.0] AndroidManifest.xml:29:16-59
33    </queries>
34
35    <uses-permission android:name="android.permission.ACCESS_NETWORK_STATE" />
35-->[com.google.firebase:firebase-auth:23.2.1] AndroidManifest.xml:26:5-79
35-->[com.google.firebase:firebase-auth:23.2.1] AndroidManifest.xml:26:22-76
36    <uses-permission android:name="android.permission.ACCESS_WIFI_STATE" />
36-->[com.google.android.libraries.places:places:3.5.0] AndroidManifest.xml:11:5-76
36-->[com.google.android.libraries.places:places:3.5.0] AndroidManifest.xml:11:22-73
37    <uses-permission android:name="android.permission.USE_BIOMETRIC" /> <!-- suppress DeprecatedClassUsageInspection -->
37-->[androidx.biometric:biometric:1.1.0] AndroidManifest.xml:24:5-72
37-->[androidx.biometric:biometric:1.1.0] AndroidManifest.xml:24:22-69
38    <uses-permission android:name="android.permission.USE_FINGERPRINT" />
38-->[androidx.biometric:biometric:1.1.0] AndroidManifest.xml:27:5-74
38-->[androidx.biometric:biometric:1.1.0] AndroidManifest.xml:27:22-71
39
40    <uses-feature
40-->[com.google.android.gms:play-services-maps:19.2.0] AndroidManifest.xml:22:5-24:33
41        android:glEsVersion="0x00020000"
41-->[com.google.android.gms:play-services-maps:19.2.0] AndroidManifest.xml:23:8-40
42        android:required="true" />
42-->[com.google.android.gms:play-services-maps:19.2.0] AndroidManifest.xml:24:8-31
43
44    <uses-permission android:name="com.google.android.providers.gsf.permission.READ_GSERVICES" />
44-->[com.google.android.recaptcha:recaptcha:18.6.1] AndroidManifest.xml:9:5-98
44-->[com.google.android.recaptcha:recaptcha:18.6.1] AndroidManifest.xml:9:22-95
45
46    <permission
46-->[androidx.core:core:1.16.0] AndroidManifest.xml:22:5-24:47
47        android:name="com.example.hoops_lab_v1.DYNAMIC_RECEIVER_NOT_EXPORTED_PERMISSION"
47-->[androidx.core:core:1.16.0] AndroidManifest.xml:23:9-81
48        android:protectionLevel="signature" />
48-->[androidx.core:core:1.16.0] AndroidManifest.xml:24:9-44
49
50    <uses-permission android:name="com.example.hoops_lab_v1.DYNAMIC_RECEIVER_NOT_EXPORTED_PERMISSION" />
50-->[androidx.core:core:1.16.0] AndroidManifest.xml:26:5-97
50-->[androidx.core:core:1.16.0] AndroidManifest.xml:26:22-94
51
52    <application
52-->src\main\AndroidManifest.xml:6:5-44:19
53        android:appComponentFactory="androidx.core.app.CoreComponentFactory"
53-->[androidx.core:core:1.16.0] AndroidManifest.xml:28:18-86
54        android:debuggable="true"
55        android:extractNativeLibs="false"
56        android:icon="@mipmap/ic_launcher"
56-->src\main\AndroidManifest.xml:8:9-43
57        android:label="hoops_lab_v1" >
57-->src\main\AndroidManifest.xml:7:9-37
58        <activity
58-->src\main\AndroidManifest.xml:11:9-32:20
59            android:name="com.example.hoops_lab_v1.MainActivity"
59-->src\main\AndroidManifest.xml:12:13-41
60            android:configChanges="orientation|keyboardHidden|keyboard|screenSize|smallestScreenSize|locale|layoutDirection|fontScale|screenLayout|density|uiMode"
60-->src\main\AndroidManifest.xml:17:13-163
61            android:exported="true"
61-->src\main\AndroidManifest.xml:13:13-36
62            android:hardwareAccelerated="true"
62-->src\main\AndroidManifest.xml:18:13-47
63            android:launchMode="singleTop"
63-->src\main\AndroidManifest.xml:14:13-43
64            android:taskAffinity=""
64-->src\main\AndroidManifest.xml:15:13-36
65            android:theme="@style/LaunchTheme"
65-->src\main\AndroidManifest.xml:16:13-47
66            android:windowSoftInputMode="adjustResize" >
66-->src\main\AndroidManifest.xml:19:13-55
67
68            <!--
69                 Specifies an Android theme to apply to this Activity as soon as
70                 the Android process has started. This theme is visible to the user
71                 while the Flutter UI initializes. After that, this theme continues
72                 to determine the Window background behind the Flutter UI.
73            -->
74            <meta-data
74-->src\main\AndroidManifest.xml:24:13-27:17
75                android:name="io.flutter.embedding.android.NormalTheme"
75-->src\main\AndroidManifest.xml:25:15-70
76                android:resource="@style/NormalTheme" />
76-->src\main\AndroidManifest.xml:26:15-52
77
78            <intent-filter>
78-->src\main\AndroidManifest.xml:28:13-31:29
79                <action android:name="android.intent.action.MAIN" />
79-->src\main\AndroidManifest.xml:29:17-68
79-->src\main\AndroidManifest.xml:29:25-66
80
81                <category android:name="android.intent.category.LAUNCHER" />
81-->src\main\AndroidManifest.xml:30:17-76
81-->src\main\AndroidManifest.xml:30:27-74
82            </intent-filter>
83        </activity>
84        <!--
85             Don't delete the meta-data below.
86             This is used by the Flutter tool to generate GeneratedPluginRegistrant.java
87        -->
88        <meta-data
88-->src\main\AndroidManifest.xml:35:9-37:33
89            android:name="flutterEmbedding"
89-->src\main\AndroidManifest.xml:36:13-44
90            android:value="2" />
90-->src\main\AndroidManifest.xml:37:13-30
91        <meta-data
92            android:name="com.google.android.geo.API_KEY"
93            android:value="AIzaSyB1jPJtxXlJcQxoPEeoC6hZV0Y-vXm63H4" />
94        <!-- android:value="${MAPS_API_KEY}"/> -->
95
96        <service
96-->[:firebase_auth] AndroidManifest.xml:8:9-12:19
97            android:name="com.google.firebase.components.ComponentDiscoveryService"
97-->[:firebase_auth] AndroidManifest.xml:8:18-89
98            android:directBootAware="true"
98-->[com.google.firebase:firebase-common:21.0.0] AndroidManifest.xml:32:13-43
99            android:exported="false" >
99-->[com.google.firebase:firebase-auth:23.2.1] AndroidManifest.xml:68:13-37
100            <meta-data
100-->[:firebase_auth] AndroidManifest.xml:9:13-11:85
101                android:name="com.google.firebase.components:io.flutter.plugins.firebase.auth.FlutterFirebaseAuthRegistrar"
101-->[:firebase_auth] AndroidManifest.xml:10:17-124
102                android:value="com.google.firebase.components.ComponentRegistrar" />
102-->[:firebase_auth] AndroidManifest.xml:11:17-82
103            <meta-data
103-->[:cloud_firestore] AndroidManifest.xml:9:13-11:85
104                android:name="com.google.firebase.components:io.flutter.plugins.firebase.firestore.FlutterFirebaseFirestoreRegistrar"
104-->[:cloud_firestore] AndroidManifest.xml:10:17-134
105                android:value="com.google.firebase.components.ComponentRegistrar" />
105-->[:cloud_firestore] AndroidManifest.xml:11:17-82
106            <meta-data
106-->[:firebase_storage] AndroidManifest.xml:9:13-11:85
107                android:name="com.google.firebase.components:io.flutter.plugins.firebase.storage.FlutterFirebaseAppRegistrar"
107-->[:firebase_storage] AndroidManifest.xml:10:17-126
108                android:value="com.google.firebase.components.ComponentRegistrar" />
108-->[:firebase_storage] AndroidManifest.xml:11:17-82
109            <meta-data
109-->[:firebase_core] AndroidManifest.xml:9:13-11:85
110                android:name="com.google.firebase.components:io.flutter.plugins.firebase.core.FlutterFirebaseCoreRegistrar"
110-->[:firebase_core] AndroidManifest.xml:10:17-124
111                android:value="com.google.firebase.components.ComponentRegistrar" />
111-->[:firebase_core] AndroidManifest.xml:11:17-82
112            <meta-data
112-->[com.google.firebase:firebase-auth:23.2.1] AndroidManifest.xml:69:13-71:85
113                android:name="com.google.firebase.components:com.google.firebase.auth.FirebaseAuthRegistrar"
113-->[com.google.firebase:firebase-auth:23.2.1] AndroidManifest.xml:70:17-109
114                android:value="com.google.firebase.components.ComponentRegistrar" />
114-->[com.google.firebase:firebase-auth:23.2.1] AndroidManifest.xml:71:17-82
115            <meta-data
115-->[com.google.firebase:firebase-firestore:25.1.4] AndroidManifest.xml:17:13-19:85
116                android:name="com.google.firebase.components:com.google.firebase.firestore.FirebaseFirestoreKtxRegistrar"
116-->[com.google.firebase:firebase-firestore:25.1.4] AndroidManifest.xml:18:17-122
117                android:value="com.google.firebase.components.ComponentRegistrar" />
117-->[com.google.firebase:firebase-firestore:25.1.4] AndroidManifest.xml:19:17-82
118            <meta-data
118-->[com.google.firebase:firebase-firestore:25.1.4] AndroidManifest.xml:20:13-22:85
119                android:name="com.google.firebase.components:com.google.firebase.firestore.FirestoreRegistrar"
119-->[com.google.firebase:firebase-firestore:25.1.4] AndroidManifest.xml:21:17-111
120                android:value="com.google.firebase.components.ComponentRegistrar" />
120-->[com.google.firebase:firebase-firestore:25.1.4] AndroidManifest.xml:22:17-82
121            <meta-data
121-->[com.google.firebase:firebase-storage:21.0.2] AndroidManifest.xml:30:13-32:85
122                android:name="com.google.firebase.components:com.google.firebase.storage.FirebaseStorageKtxRegistrar"
122-->[com.google.firebase:firebase-storage:21.0.2] AndroidManifest.xml:31:17-118
123                android:value="com.google.firebase.components.ComponentRegistrar" />
123-->[com.google.firebase:firebase-storage:21.0.2] AndroidManifest.xml:32:17-82
124            <meta-data
124-->[com.google.firebase:firebase-storage:21.0.2] AndroidManifest.xml:33:13-35:85
125                android:name="com.google.firebase.components:com.google.firebase.storage.StorageRegistrar"
125-->[com.google.firebase:firebase-storage:21.0.2] AndroidManifest.xml:34:17-107
126                android:value="com.google.firebase.components.ComponentRegistrar" />
126-->[com.google.firebase:firebase-storage:21.0.2] AndroidManifest.xml:35:17-82
127            <meta-data
127-->[com.google.firebase:firebase-appcheck:18.0.0] AndroidManifest.xml:25:13-27:85
128                android:name="com.google.firebase.components:com.google.firebase.appcheck.FirebaseAppCheckKtxRegistrar"
128-->[com.google.firebase:firebase-appcheck:18.0.0] AndroidManifest.xml:26:17-120
129                android:value="com.google.firebase.components.ComponentRegistrar" />
129-->[com.google.firebase:firebase-appcheck:18.0.0] AndroidManifest.xml:27:17-82
130            <meta-data
130-->[com.google.firebase:firebase-appcheck:18.0.0] AndroidManifest.xml:28:13-30:85
131                android:name="com.google.firebase.components:com.google.firebase.appcheck.FirebaseAppCheckRegistrar"
131-->[com.google.firebase:firebase-appcheck:18.0.0] AndroidManifest.xml:29:17-117
132                android:value="com.google.firebase.components.ComponentRegistrar" />
132-->[com.google.firebase:firebase-appcheck:18.0.0] AndroidManifest.xml:30:17-82
133            <meta-data
133-->[com.google.firebase:firebase-common-ktx:21.0.0] AndroidManifest.xml:12:13-14:85
134                android:name="com.google.firebase.components:com.google.firebase.ktx.FirebaseCommonLegacyRegistrar"
134-->[com.google.firebase:firebase-common-ktx:21.0.0] AndroidManifest.xml:13:17-116
135                android:value="com.google.firebase.components.ComponentRegistrar" />
135-->[com.google.firebase:firebase-common-ktx:21.0.0] AndroidManifest.xml:14:17-82
136            <meta-data
136-->[com.google.firebase:firebase-common:21.0.0] AndroidManifest.xml:35:13-37:85
137                android:name="com.google.firebase.components:com.google.firebase.FirebaseCommonKtxRegistrar"
137-->[com.google.firebase:firebase-common:21.0.0] AndroidManifest.xml:36:17-109
138                android:value="com.google.firebase.components.ComponentRegistrar" />
138-->[com.google.firebase:firebase-common:21.0.0] AndroidManifest.xml:37:17-82
139        </service>
140
141        <activity
141-->[com.google.firebase:firebase-auth:23.2.1] AndroidManifest.xml:29:9-46:20
142            android:name="com.google.firebase.auth.internal.GenericIdpActivity"
142-->[com.google.firebase:firebase-auth:23.2.1] AndroidManifest.xml:30:13-80
143            android:excludeFromRecents="true"
143-->[com.google.firebase:firebase-auth:23.2.1] AndroidManifest.xml:31:13-46
144            android:exported="true"
144-->[com.google.firebase:firebase-auth:23.2.1] AndroidManifest.xml:32:13-36
145            android:launchMode="singleTask"
145-->[com.google.firebase:firebase-auth:23.2.1] AndroidManifest.xml:33:13-44
146            android:theme="@android:style/Theme.Translucent.NoTitleBar" >
146-->[com.google.firebase:firebase-auth:23.2.1] AndroidManifest.xml:34:13-72
147            <intent-filter>
147-->[com.google.firebase:firebase-auth:23.2.1] AndroidManifest.xml:35:13-45:29
148                <action android:name="android.intent.action.VIEW" />
148-->[com.google.firebase:firebase-auth:23.2.1] AndroidManifest.xml:36:17-69
148-->[com.google.firebase:firebase-auth:23.2.1] AndroidManifest.xml:36:25-66
149
150                <category android:name="android.intent.category.DEFAULT" />
150-->[com.google.firebase:firebase-auth:23.2.1] AndroidManifest.xml:38:17-76
150-->[com.google.firebase:firebase-auth:23.2.1] AndroidManifest.xml:38:27-73
151                <category android:name="android.intent.category.BROWSABLE" />
151-->[com.google.firebase:firebase-auth:23.2.1] AndroidManifest.xml:39:17-78
151-->[com.google.firebase:firebase-auth:23.2.1] AndroidManifest.xml:39:27-75
152
153                <data
153-->src\main\AndroidManifest.xml:53:13-50
154                    android:host="firebase.auth"
155                    android:path="/"
156                    android:scheme="genericidp" />
157            </intent-filter>
158        </activity>
159        <activity
159-->[com.google.firebase:firebase-auth:23.2.1] AndroidManifest.xml:47:9-64:20
160            android:name="com.google.firebase.auth.internal.RecaptchaActivity"
160-->[com.google.firebase:firebase-auth:23.2.1] AndroidManifest.xml:48:13-79
161            android:excludeFromRecents="true"
161-->[com.google.firebase:firebase-auth:23.2.1] AndroidManifest.xml:49:13-46
162            android:exported="true"
162-->[com.google.firebase:firebase-auth:23.2.1] AndroidManifest.xml:50:13-36
163            android:launchMode="singleTask"
163-->[com.google.firebase:firebase-auth:23.2.1] AndroidManifest.xml:51:13-44
164            android:theme="@android:style/Theme.Translucent.NoTitleBar" >
164-->[com.google.firebase:firebase-auth:23.2.1] AndroidManifest.xml:52:13-72
165            <intent-filter>
165-->[com.google.firebase:firebase-auth:23.2.1] AndroidManifest.xml:53:13-63:29
166                <action android:name="android.intent.action.VIEW" />
166-->[com.google.firebase:firebase-auth:23.2.1] AndroidManifest.xml:36:17-69
166-->[com.google.firebase:firebase-auth:23.2.1] AndroidManifest.xml:36:25-66
167
168                <category android:name="android.intent.category.DEFAULT" />
168-->[com.google.firebase:firebase-auth:23.2.1] AndroidManifest.xml:38:17-76
168-->[com.google.firebase:firebase-auth:23.2.1] AndroidManifest.xml:38:27-73
169                <category android:name="android.intent.category.BROWSABLE" />
169-->[com.google.firebase:firebase-auth:23.2.1] AndroidManifest.xml:39:17-78
169-->[com.google.firebase:firebase-auth:23.2.1] AndroidManifest.xml:39:27-75
170
171                <data
171-->src\main\AndroidManifest.xml:53:13-50
172                    android:host="firebase.auth"
173                    android:path="/"
174                    android:scheme="recaptcha" />
175            </intent-filter>
176        </activity>
177
178        <service
178-->[androidx.credentials:credentials-play-services-auth:1.5.0] AndroidManifest.xml:24:9-32:19
179            android:name="androidx.credentials.playservices.CredentialProviderMetadataHolder"
179-->[androidx.credentials:credentials-play-services-auth:1.5.0] AndroidManifest.xml:25:13-94
180            android:enabled="true"
180-->[androidx.credentials:credentials-play-services-auth:1.5.0] AndroidManifest.xml:26:13-35
181            android:exported="false" >
181-->[androidx.credentials:credentials-play-services-auth:1.5.0] AndroidManifest.xml:27:13-37
182            <meta-data
182-->[androidx.credentials:credentials-play-services-auth:1.5.0] AndroidManifest.xml:29:13-31:104
183                android:name="androidx.credentials.CREDENTIAL_PROVIDER_KEY"
183-->[androidx.credentials:credentials-play-services-auth:1.5.0] AndroidManifest.xml:30:17-76
184                android:value="androidx.credentials.playservices.CredentialProviderPlayServicesImpl" />
184-->[androidx.credentials:credentials-play-services-auth:1.5.0] AndroidManifest.xml:31:17-101
185        </service>
186
187        <activity
187-->[androidx.credentials:credentials-play-services-auth:1.5.0] AndroidManifest.xml:34:9-41:20
188            android:name="androidx.credentials.playservices.HiddenActivity"
188-->[androidx.credentials:credentials-play-services-auth:1.5.0] AndroidManifest.xml:35:13-76
189            android:configChanges="orientation|screenSize|screenLayout|keyboardHidden"
189-->[androidx.credentials:credentials-play-services-auth:1.5.0] AndroidManifest.xml:36:13-87
190            android:enabled="true"
190-->[androidx.credentials:credentials-play-services-auth:1.5.0] AndroidManifest.xml:37:13-35
191            android:exported="false"
191-->[androidx.credentials:credentials-play-services-auth:1.5.0] AndroidManifest.xml:38:13-37
192            android:fitsSystemWindows="true"
192-->[androidx.credentials:credentials-play-services-auth:1.5.0] AndroidManifest.xml:39:13-45
193            android:theme="@style/Theme.Hidden" >
193-->[androidx.credentials:credentials-play-services-auth:1.5.0] AndroidManifest.xml:40:13-48
194        </activity>
195        <activity
195-->[androidx.credentials:credentials-play-services-auth:1.5.0] AndroidManifest.xml:42:9-49:20
196            android:name="androidx.credentials.playservices.IdentityCredentialApiHiddenActivity"
196-->[androidx.credentials:credentials-play-services-auth:1.5.0] AndroidManifest.xml:43:13-97
197            android:configChanges="orientation|screenSize|screenLayout|keyboardHidden"
197-->[androidx.credentials:credentials-play-services-auth:1.5.0] AndroidManifest.xml:44:13-87
198            android:enabled="true"
198-->[androidx.credentials:credentials-play-services-auth:1.5.0] AndroidManifest.xml:45:13-35
199            android:exported="false"
199-->[androidx.credentials:credentials-play-services-auth:1.5.0] AndroidManifest.xml:46:13-37
200            android:fitsSystemWindows="true"
200-->[androidx.credentials:credentials-play-services-auth:1.5.0] AndroidManifest.xml:47:13-45
201            android:theme="@style/Theme.Hidden" >
201-->[androidx.credentials:credentials-play-services-auth:1.5.0] AndroidManifest.xml:48:13-48
202        </activity>
203        <activity
203-->[com.google.android.libraries.places:places:3.5.0] AndroidManifest.xml:15:9-21:20
204            android:name="com.google.android.libraries.places.widget.AutocompleteActivity"
204-->[com.google.android.libraries.places:places:3.5.0] AndroidManifest.xml:16:13-91
205            android:exported="false"
205-->[com.google.android.libraries.places:places:3.5.0] AndroidManifest.xml:17:13-37
206            android:label="@string/places_autocomplete_label"
206-->[com.google.android.libraries.places:places:3.5.0] AndroidManifest.xml:18:13-62
207            android:theme="@style/PlacesAutocompleteOverlay"
207-->[com.google.android.libraries.places:places:3.5.0] AndroidManifest.xml:19:13-61
208            android:windowSoftInputMode="adjustResize" >
208-->[com.google.android.libraries.places:places:3.5.0] AndroidManifest.xml:20:13-55
209        </activity>
210
211        <service
211-->[:geolocator_android] AndroidManifest.xml:8:9-12:56
212            android:name="com.baseflow.geolocator.GeolocatorLocationService"
212-->[:geolocator_android] AndroidManifest.xml:9:13-77
213            android:enabled="true"
213-->[:geolocator_android] AndroidManifest.xml:10:13-35
214            android:exported="false"
214-->[:geolocator_android] AndroidManifest.xml:11:13-37
215            android:foregroundServiceType="location" />
215-->[:geolocator_android] AndroidManifest.xml:12:13-53
216
217        <provider
217-->[:image_picker_android] AndroidManifest.xml:9:9-17:20
218            android:name="io.flutter.plugins.imagepicker.ImagePickerFileProvider"
218-->[:image_picker_android] AndroidManifest.xml:10:13-82
219            android:authorities="com.example.hoops_lab_v1.flutter.image_provider"
219-->[:image_picker_android] AndroidManifest.xml:11:13-74
220            android:exported="false"
220-->[:image_picker_android] AndroidManifest.xml:12:13-37
221            android:grantUriPermissions="true" >
221-->[:image_picker_android] AndroidManifest.xml:13:13-47
222            <meta-data
222-->[:image_picker_android] AndroidManifest.xml:14:13-16:75
223                android:name="android.support.FILE_PROVIDER_PATHS"
223-->[:image_picker_android] AndroidManifest.xml:15:17-67
224                android:resource="@xml/flutter_image_picker_file_paths" />
224-->[:image_picker_android] AndroidManifest.xml:16:17-72
225        </provider> <!-- Trigger Google Play services to install the backported photo picker module. -->
226        <service
226-->[:image_picker_android] AndroidManifest.xml:19:9-31:19
227            android:name="com.google.android.gms.metadata.ModuleDependencies"
227-->[:image_picker_android] AndroidManifest.xml:20:13-78
228            android:enabled="false"
228-->[:image_picker_android] AndroidManifest.xml:21:13-36
229            android:exported="false" >
229-->[:image_picker_android] AndroidManifest.xml:22:13-37
230            <intent-filter>
230-->[:image_picker_android] AndroidManifest.xml:24:13-26:29
231                <action android:name="com.google.android.gms.metadata.MODULE_DEPENDENCIES" />
231-->[:image_picker_android] AndroidManifest.xml:25:17-94
231-->[:image_picker_android] AndroidManifest.xml:25:25-91
232            </intent-filter>
233
234            <meta-data
234-->[:image_picker_android] AndroidManifest.xml:28:13-30:36
235                android:name="photopicker_activity:0:required"
235-->[:image_picker_android] AndroidManifest.xml:29:17-63
236                android:value="" />
236-->[:image_picker_android] AndroidManifest.xml:30:17-33
237        </service>
238
239        <provider
239-->[androidx.emoji2:emoji2:1.3.0] AndroidManifest.xml:24:9-32:20
240            android:name="androidx.startup.InitializationProvider"
240-->[androidx.emoji2:emoji2:1.3.0] AndroidManifest.xml:25:13-67
241            android:authorities="com.example.hoops_lab_v1.androidx-startup"
241-->[androidx.emoji2:emoji2:1.3.0] AndroidManifest.xml:26:13-68
242            android:exported="false" >
242-->[androidx.emoji2:emoji2:1.3.0] AndroidManifest.xml:27:13-37
243            <meta-data
243-->[androidx.emoji2:emoji2:1.3.0] AndroidManifest.xml:29:13-31:52
244                android:name="androidx.emoji2.text.EmojiCompatInitializer"
244-->[androidx.emoji2:emoji2:1.3.0] AndroidManifest.xml:30:17-75
245                android:value="androidx.startup" />
245-->[androidx.emoji2:emoji2:1.3.0] AndroidManifest.xml:31:17-49
246            <meta-data
246-->[androidx.lifecycle:lifecycle-process:2.7.0] AndroidManifest.xml:29:13-31:52
247                android:name="androidx.lifecycle.ProcessLifecycleInitializer"
247-->[androidx.lifecycle:lifecycle-process:2.7.0] AndroidManifest.xml:30:17-78
248                android:value="androidx.startup" />
248-->[androidx.lifecycle:lifecycle-process:2.7.0] AndroidManifest.xml:31:17-49
249            <meta-data
249-->[androidx.profileinstaller:profileinstaller:1.4.0] AndroidManifest.xml:29:13-31:52
250                android:name="androidx.profileinstaller.ProfileInstallerInitializer"
250-->[androidx.profileinstaller:profileinstaller:1.4.0] AndroidManifest.xml:30:17-85
251                android:value="androidx.startup" />
251-->[androidx.profileinstaller:profileinstaller:1.4.0] AndroidManifest.xml:31:17-49
252        </provider>
253
254        <uses-library
254-->[androidx.window:window:1.2.0] AndroidManifest.xml:23:9-25:40
255            android:name="androidx.window.extensions"
255-->[androidx.window:window:1.2.0] AndroidManifest.xml:24:13-54
256            android:required="false" />
256-->[androidx.window:window:1.2.0] AndroidManifest.xml:25:13-37
257        <uses-library
257-->[androidx.window:window:1.2.0] AndroidManifest.xml:26:9-28:40
258            android:name="androidx.window.sidecar"
258-->[androidx.window:window:1.2.0] AndroidManifest.xml:27:13-51
259            android:required="false" /> <!-- Needs to be explicitly declared on P+ -->
259-->[androidx.window:window:1.2.0] AndroidManifest.xml:28:13-37
260        <uses-library
260-->[com.google.android.gms:play-services-maps:19.2.0] AndroidManifest.xml:33:7-86
261            android:name="org.apache.http.legacy"
261-->[com.google.android.gms:play-services-maps:19.2.0] AndroidManifest.xml:33:21-58
262            android:required="false" />
262-->[com.google.android.gms:play-services-maps:19.2.0] AndroidManifest.xml:33:59-83
263
264        <activity
264-->[com.google.android.gms:play-services-auth:21.3.0] AndroidManifest.xml:23:9-27:75
265            android:name="com.google.android.gms.auth.api.signin.internal.SignInHubActivity"
265-->[com.google.android.gms:play-services-auth:21.3.0] AndroidManifest.xml:24:13-93
266            android:excludeFromRecents="true"
266-->[com.google.android.gms:play-services-auth:21.3.0] AndroidManifest.xml:25:13-46
267            android:exported="false"
267-->[com.google.android.gms:play-services-auth:21.3.0] AndroidManifest.xml:26:13-37
268            android:theme="@android:style/Theme.Translucent.NoTitleBar" />
268-->[com.google.android.gms:play-services-auth:21.3.0] AndroidManifest.xml:27:13-72
269        <!--
270            Service handling Google Sign-In user revocation. For apps that do not integrate with
271            Google Sign-In, this service will never be started.
272        -->
273        <service
273-->[com.google.android.gms:play-services-auth:21.3.0] AndroidManifest.xml:33:9-37:51
274            android:name="com.google.android.gms.auth.api.signin.RevocationBoundService"
274-->[com.google.android.gms:play-services-auth:21.3.0] AndroidManifest.xml:34:13-89
275            android:exported="true"
275-->[com.google.android.gms:play-services-auth:21.3.0] AndroidManifest.xml:35:13-36
276            android:permission="com.google.android.gms.auth.api.signin.permission.REVOCATION_NOTIFICATION"
276-->[com.google.android.gms:play-services-auth:21.3.0] AndroidManifest.xml:36:13-107
277            android:visibleToInstantApps="true" />
277-->[com.google.android.gms:play-services-auth:21.3.0] AndroidManifest.xml:37:13-48
278
279        <activity
279-->[com.google.android.gms:play-services-base:18.5.0] AndroidManifest.xml:5:9-173
280            android:name="com.google.android.gms.common.api.GoogleApiActivity"
280-->[com.google.android.gms:play-services-base:18.5.0] AndroidManifest.xml:5:19-85
281            android:exported="false"
281-->[com.google.android.gms:play-services-base:18.5.0] AndroidManifest.xml:5:146-170
282            android:theme="@android:style/Theme.Translucent.NoTitleBar" />
282-->[com.google.android.gms:play-services-base:18.5.0] AndroidManifest.xml:5:86-145
283
284        <provider
284-->[com.google.firebase:firebase-common:21.0.0] AndroidManifest.xml:23:9-28:39
285            android:name="com.google.firebase.provider.FirebaseInitProvider"
285-->[com.google.firebase:firebase-common:21.0.0] AndroidManifest.xml:24:13-77
286            android:authorities="com.example.hoops_lab_v1.firebaseinitprovider"
286-->[com.google.firebase:firebase-common:21.0.0] AndroidManifest.xml:25:13-72
287            android:directBootAware="true"
287-->[com.google.firebase:firebase-common:21.0.0] AndroidManifest.xml:26:13-43